[2024-01-10T10:53:12.852108+00:00] main.CRITICAL: PDOException: SQLSTATE[HY000] [2002] Connection refused in /home/sg/Sites/m247b/vendor/magento/zend-db/library/Zend/Db/Adapter/Pdo/Abstract.php:128
Stack trace:
#0 /home/sg/Sites/m247b/vendor/magento/zend-db/library/Zend/Db/Adapter/Pdo/Abstract.php(128): PDO->__construct()
#1 /home/sg/Sites/m247b/vendor/magento/zend-db/library/Zend/Db/Adapter/Pdo/Mysql.php(111): Zend_Db_Adapter_Pdo_Abstract->_connect()
#2 /home/sg/Sites/m247b/vendor/magento/framework/DB/Adapter/Pdo/Mysql.php(480): Zend_Db_Adapter_Pdo_Mysql->_connect()
#3 /home/sg/Sites/m247b/vendor/magento/zend-db/library/Zend/Db/Adapter/Abstract.php(460): Magento\Framework\DB\Adapter\Pdo\Mysql->_connect()
#4 /home/sg/Sites/m247b/vendor/magento/zend-db/library/Zend/Db/Adapter/Pdo/Abstract.php(242): Zend_Db_Adapter_Abstract->query()
#5 /home/sg/Sites/m247b/vendor/magento/framework/DB/Adapter/Pdo/Mysql.php(616): Zend_Db_Adapter_Pdo_Abstract->query()
#6 /home/sg/Sites/m247b/vendor/magento/framework/DB/Adapter/Pdo/Mysql.php(686): Magento\Framework\DB\Adapter\Pdo\Mysql->_query()
#7 /home/sg/Sites/m247b/generated/code/Magento/Framework/DB/Adapter/Pdo/Mysql/Interceptor.php(95): Magento\Framework\DB\Adapter\Pdo\Mysql->query()
#8 /home/sg/Sites/m247b/vendor/magento/zend-db/library/Zend/Db/Adapter/Abstract.php(737): Magento\Framework\DB\Adapter\Pdo\Mysql\Interceptor->query()
#9 /home/sg/Sites/m247b/generated/code/Magento/Framework/DB/Adapter/Pdo/Mysql/Interceptor.php(1094): Zend_Db_Adapter_Abstract->fetchAll()
#10 /home/sg/Sites/m247b/vendor/magento/module-store/App/Config/Source/RuntimeConfigSource.php(100): Magento\Framework\DB\Adapter\Pdo\Mysql\Interceptor->fetchAll()
#11 /home/sg/Sites/m247b/vendor/magento/module-store/App/Config/Source/RuntimeConfigSource.php(61): Magento\Store\App\Config\Source\RuntimeConfigSource->getEntities()
#12 /home/sg/Sites/m247b/vendor/magento/framework/App/Config/ConfigSourceAggregated.php(42): Magento\Store\App\Config\Source\RuntimeConfigSource->get()
#13 /home/sg/Sites/m247b/generated/code/Magento/Framework/App/Config/ConfigSourceAggregated/Proxy.php(105): Magento\Framework\App\Config\ConfigSourceAggregated->get()
#14 /home/sg/Sites/m247b/vendor/magento/module-store/App/Config/Type/Scopes.php(63): Magento\Framework\App\Config\ConfigSourceAggregated\Proxy->get()
#15 /home/sg/Sites/m247b/vendor/magento/framework/App/Config.php(131): Magento\Store\App\Config\Type\Scopes->get()
#16 /home/sg/Sites/m247b/vendor/magento/module-store/Model/StoreRepository.php(106): Magento\Framework\App\Config->get()
#17 /home/sg/Sites/m247b/vendor/magento/module-store/Model/StoreRepository.php(127): Magento\Store\Model\StoreRepository->getById()
#18 /home/sg/Sites/m247b/vendor/magento/module-store/Model/StoreResolver.php(181): Magento\Store\Model\StoreRepository->getActiveStoreById()
#19 /home/sg/Sites/m247b/vendor/magento/module-store/Model/StoreResolver.php(126): Magento\Store\Model\StoreResolver->getDefaultStoreById()
#20 /home/sg/Sites/m247b/generated/code/Magento/Store/Model/StoreResolver/Proxy.php(105): Magento\Store\Model\StoreResolver->getCurrentStoreId()
#21 /home/sg/Sites/m247b/vendor/magento/module-store/Model/StoreManager.php(159): Magento\Store\Model\StoreResolver\Proxy->getCurrentStoreId()
#22 /home/sg/Sites/m247b/generated/code/Magento/Store/Model/StoreManagerInterface/Proxy.php(129): Magento\Store\Model\StoreManager->getStore()
#23 /home/sg/Sites/m247b/vendor/magento/module-store/Model/Resolver/Store.php(30): Magento\Store\Model\StoreManagerInterface\Proxy->getStore()
#24 /home/sg/Sites/m247b/vendor/magento/framework/App/Config/ScopeCodeResolver.php(49): Magento\Store\Model\Resolver\Store->getScope()
#25 /home/sg/Sites/m247b/vendor/magento/framework/App/Config.php(68): Magento\Framework\App\Config\ScopeCodeResolver->resolve()
#26 /home/sg/Sites/m247b/vendor/magento/module-backend/App/Area/FrontNameResolver.php(124): Magento\Framework\App\Config->getValue()
#27 /home/sg/Sites/m247b/vendor/magento/module-backend/App/Area/FrontNameResolver.php(107): Magento\Backend\App\Area\FrontNameResolver->isHostBackend()
#28 /home/sg/Sites/m247b/vendor/magento/framework/App/AreaList.php(75): Magento\Backend\App\Area\FrontNameResolver->getFrontName()
#29 /home/sg/Sites/m247b/vendor/magento/framework/App/Http.php(111): Magento\Framework\App\AreaList->getCodeByFrontName()
#30 /home/sg/Sites/m247b/generated/code/Magento/Framework/App/Http/Interceptor.php(23): Magento\Framework\App\Http->launch()
#31 /home/sg/Sites/m247b/vendor/magento/framework/App/Bootstrap.php(264): Magento\Framework\App\Http\Interceptor->launch()
#32 /home/sg/Sites/m247b/pub/index.php(30): Magento\Framework\App\Bootstrap->run()
#33 /home/sg/.config/composer/vendor/cpriego/valet-linux/server.php(239): require('...')
#34 {main}

Next Zend_Db_Adapter_Exception: SQLSTATE[HY000] [2002] Connection refused in /home/sg/Sites/m247b/vendor/magento/zend-db/library/Zend/Db/Adapter/Pdo/Abstract.php:148
Stack trace:
#0 /home/sg/Sites/m247b/vendor/magento/zend-db/library/Zend/Db/Adapter/Pdo/Mysql.php(111): Zend_Db_Adapter_Pdo_Abstract->_connect()
#1 /home/sg/Sites/m247b/vendor/magento/framework/DB/Adapter/Pdo/Mysql.php(480): Zend_Db_Adapter_Pdo_Mysql->_connect()
#2 /home/sg/Sites/m247b/vendor/magento/zend-db/library/Zend/Db/Adapter/Abstract.php(460): Magento\Framework\DB\Adapter\Pdo\Mysql->_connect()
#3 /home/sg/Sites/m247b/vendor/magento/zend-db/library/Zend/Db/Adapter/Pdo/Abstract.php(242): Zend_Db_Adapter_Abstract->query()
#4 /home/sg/Sites/m247b/vendor/magento/framework/DB/Adapter/Pdo/Mysql.php(616): Zend_Db_Adapter_Pdo_Abstract->query()
#5 /home/sg/Sites/m247b/vendor/magento/framework/DB/Adapter/Pdo/Mysql.php(686): Magento\Framework\DB\Adapter\Pdo\Mysql->_query()
#6 /home/sg/Sites/m247b/generated/code/Magento/Framework/DB/Adapter/Pdo/Mysql/Interceptor.php(95): Magento\Framework\DB\Adapter\Pdo\Mysql->query()
#7 /home/sg/Sites/m247b/vendor/magento/zend-db/library/Zend/Db/Adapter/Abstract.php(737): Magento\Framework\DB\Adapter\Pdo\Mysql\Interceptor->query()
#8 /home/sg/Sites/m247b/generated/code/Magento/Framework/DB/Adapter/Pdo/Mysql/Interceptor.php(1094): Zend_Db_Adapter_Abstract->fetchAll()
#9 /home/sg/Sites/m247b/vendor/magento/module-store/App/Config/Source/RuntimeConfigSource.php(100): Magento\Framework\DB\Adapter\Pdo\Mysql\Interceptor->fetchAll()
#10 /home/sg/Sites/m247b/vendor/magento/module-store/App/Config/Source/RuntimeConfigSource.php(61): Magento\Store\App\Config\Source\RuntimeConfigSource->getEntities()
#11 /home/sg/Sites/m247b/vendor/magento/framework/App/Config/ConfigSourceAggregated.php(42): Magento\Store\App\Config\Source\RuntimeConfigSource->get()
#12 /home/sg/Sites/m247b/generated/code/Magento/Framework/App/Config/ConfigSourceAggregated/Proxy.php(105): Magento\Framework\App\Config\ConfigSourceAggregated->get()
#13 /home/sg/Sites/m247b/vendor/magento/module-store/App/Config/Type/Scopes.php(63): Magento\Framework\App\Config\ConfigSourceAggregated\Proxy->get()
#14 /home/sg/Sites/m247b/vendor/magento/framework/App/Config.php(131): Magento\Store\App\Config\Type\Scopes->get()
#15 /home/sg/Sites/m247b/vendor/magento/module-store/Model/StoreRepository.php(106): Magento\Framework\App\Config->get()
#16 /home/sg/Sites/m247b/vendor/magento/module-store/Model/StoreRepository.php(127): Magento\Store\Model\StoreRepository->getById()
#17 /home/sg/Sites/m247b/vendor/magento/module-store/Model/StoreResolver.php(181): Magento\Store\Model\StoreRepository->getActiveStoreById()
#18 /home/sg/Sites/m247b/vendor/magento/module-store/Model/StoreResolver.php(126): Magento\Store\Model\StoreResolver->getDefaultStoreById()
#19 /home/sg/Sites/m247b/generated/code/Magento/Store/Model/StoreResolver/Proxy.php(105): Magento\Store\Model\StoreResolver->getCurrentStoreId()
#20 /home/sg/Sites/m247b/vendor/magento/module-store/Model/StoreManager.php(159): Magento\Store\Model\StoreResolver\Proxy->getCurrentStoreId()
#21 /home/sg/Sites/m247b/generated/code/Magento/Store/Model/StoreManagerInterface/Proxy.php(129): Magento\Store\Model\StoreManager->getStore()
#22 /home/sg/Sites/m247b/vendor/magento/module-store/Model/Resolver/Store.php(30): Magento\Store\Model\StoreManagerInterface\Proxy->getStore()
#23 /home/sg/Sites/m247b/vendor/magento/framework/App/Config/ScopeCodeResolver.php(49): Magento\Store\Model\Resolver\Store->getScope()
#24 /home/sg/Sites/m247b/vendor/magento/framework/App/Config.php(68): Magento\Framework\App\Config\ScopeCodeResolver->resolve()
#25 /home/sg/Sites/m247b/vendor/magento/module-backend/App/Area/FrontNameResolver.php(124): Magento\Framework\App\Config->getValue()
#26 /home/sg/Sites/m247b/vendor/magento/module-backend/App/Area/FrontNameResolver.php(107): Magento\Backend\App\Area\FrontNameResolver->isHostBackend()
#27 /home/sg/Sites/m247b/vendor/magento/framework/App/AreaList.php(75): Magento\Backend\App\Area\FrontNameResolver->getFrontName()
#28 /home/sg/Sites/m247b/vendor/magento/framework/App/Http.php(111): Magento\Framework\App\AreaList->getCodeByFrontName()
#29 /home/sg/Sites/m247b/generated/code/Magento/Framework/App/Http/Interceptor.php(23): Magento\Framework\App\Http->launch()
#30 /home/sg/Sites/m247b/vendor/magento/framework/App/Bootstrap.php(264): Magento\Framework\App\Http\Interceptor->launch()
#31 /home/sg/Sites/m247b/pub/index.php(30): Magento\Framework\App\Bootstrap->run()
#32 /home/sg/.config/composer/vendor/cpriego/valet-linux/server.php(239): require('...')
#33 {main} {"report_id":"e33e1f38d75c01dfdd6345d3d306f553d17d974e6ceab852f59bfa5911a2823c","exception":"[object] (Zend_Db_Adapter_Exception(code: 2002): SQLSTATE[HY000] [2002] Connection refused at /home/sg/Sites/m247b/vendor/magento/zend-db/library/Zend/Db/Adapter/Pdo/Abstract.php:148)
[previous exception] [object] (PDOException(code: 2002): SQLSTATE[HY000] [2002] Connection refused at /home/sg/Sites/m247b/vendor/magento/zend-db/library/Zend/Db/Adapter/Pdo/Abstract.php:128)"} []
[2024-01-10T10:53:12.891557+00:00] main.CRITICAL: PDOException: SQLSTATE[HY000] [2002] Connection refused in /home/sg/Sites/m247b/vendor/magento/zend-db/library/Zend/Db/Adapter/Pdo/Abstract.php:128
Stack trace:
#0 /home/sg/Sites/m247b/vendor/magento/zend-db/library/Zend/Db/Adapter/Pdo/Abstract.php(128): PDO->__construct()
#1 /home/sg/Sites/m247b/vendor/magento/zend-db/library/Zend/Db/Adapter/Pdo/Mysql.php(111): Zend_Db_Adapter_Pdo_Abstract->_connect()
#2 /home/sg/Sites/m247b/vendor/magento/framework/DB/Adapter/Pdo/Mysql.php(480): Zend_Db_Adapter_Pdo_Mysql->_connect()
#3 /home/sg/Sites/m247b/vendor/magento/zend-db/library/Zend/Db/Adapter/Abstract.php(460): Magento\Framework\DB\Adapter\Pdo\Mysql->_connect()
#4 /home/sg/Sites/m247b/vendor/magento/zend-db/library/Zend/Db/Adapter/Pdo/Abstract.php(242): Zend_Db_Adapter_Abstract->query()
#5 /home/sg/Sites/m247b/vendor/magento/framework/DB/Adapter/Pdo/Mysql.php(616): Zend_Db_Adapter_Pdo_Abstract->query()
#6 /home/sg/Sites/m247b/vendor/magento/framework/DB/Adapter/Pdo/Mysql.php(686): Magento\Framework\DB\Adapter\Pdo\Mysql->_query()
#7 /home/sg/Sites/m247b/generated/code/Magento/Framework/DB/Adapter/Pdo/Mysql/Interceptor.php(95): Magento\Framework\DB\Adapter\Pdo\Mysql->query()
#8 /home/sg/Sites/m247b/vendor/magento/zend-db/library/Zend/Db/Adapter/Abstract.php(737): Magento\Framework\DB\Adapter\Pdo\Mysql\Interceptor->query()
#9 /home/sg/Sites/m247b/generated/code/Magento/Framework/DB/Adapter/Pdo/Mysql/Interceptor.php(1094): Zend_Db_Adapter_Abstract->fetchAll()
#10 /home/sg/Sites/m247b/vendor/magento/module-store/App/Config/Source/RuntimeConfigSource.php(100): Magento\Framework\DB\Adapter\Pdo\Mysql\Interceptor->fetchAll()
#11 /home/sg/Sites/m247b/vendor/magento/module-store/App/Config/Source/RuntimeConfigSource.php(61): Magento\Store\App\Config\Source\RuntimeConfigSource->getEntities()
#12 /home/sg/Sites/m247b/vendor/magento/framework/App/Config/ConfigSourceAggregated.php(42): Magento\Store\App\Config\Source\RuntimeConfigSource->get()
#13 /home/sg/Sites/m247b/generated/code/Magento/Framework/App/Config/ConfigSourceAggregated/Proxy.php(105): Magento\Framework\App\Config\ConfigSourceAggregated->get()
#14 /home/sg/Sites/m247b/vendor/magento/module-store/App/Config/Type/Scopes.php(63): Magento\Framework\App\Config\ConfigSourceAggregated\Proxy->get()
#15 /home/sg/Sites/m247b/vendor/magento/framework/App/Config.php(131): Magento\Store\App\Config\Type\Scopes->get()
#16 /home/sg/Sites/m247b/vendor/magento/module-store/Model/StoreRepository.php(106): Magento\Framework\App\Config->get()
#17 /home/sg/Sites/m247b/vendor/magento/module-store/Model/StoreRepository.php(127): Magento\Store\Model\StoreRepository->getById()
#18 /home/sg/Sites/m247b/vendor/magento/module-store/Model/StoreResolver.php(181): Magento\Store\Model\StoreRepository->getActiveStoreById()
#19 /home/sg/Sites/m247b/vendor/magento/module-store/Model/StoreResolver.php(126): Magento\Store\Model\StoreResolver->getDefaultStoreById()
#20 /home/sg/Sites/m247b/generated/code/Magento/Store/Model/StoreResolver/Proxy.php(105): Magento\Store\Model\StoreResolver->getCurrentStoreId()
#21 /home/sg/Sites/m247b/vendor/magento/module-store/Model/StoreManager.php(159): Magento\Store\Model\StoreResolver\Proxy->getCurrentStoreId()
#22 /home/sg/Sites/m247b/generated/code/Magento/Store/Model/StoreManagerInterface/Proxy.php(129): Magento\Store\Model\StoreManager->getStore()
#23 /home/sg/Sites/m247b/vendor/magento/module-store/Model/Resolver/Store.php(30): Magento\Store\Model\StoreManagerInterface\Proxy->getStore()
#24 /home/sg/Sites/m247b/vendor/magento/framework/Translate/Inline.php(144): Magento\Store\Model\Resolver\Store->getScope()
#25 /home/sg/Sites/m247b/vendor/magento/framework/Escaper.php(282): Magento\Framework\Translate\Inline->isAllowed()
#26 /home/sg/Sites/m247b/pub/errors/default/page.phtml(13): Magento\Framework\Escaper->escapeHtmlAttr()
#27 /home/sg/Sites/m247b/pub/errors/processor.php(452): require_once('...')
#28 /home/sg/Sites/m247b/pub/errors/processor.php(270): Magento\Framework\Error\Processor->_renderPage()
#29 /home/sg/Sites/m247b/pub/errors/report.php(22): Magento\Framework\Error\Processor->processReport()
#30 /home/sg/Sites/m247b/vendor/magento/framework/App/ExceptionHandler.php(255): require('...')
#31 /home/sg/Sites/m247b/vendor/magento/framework/App/ExceptionHandler.php(74): Magento\Framework\App\ExceptionHandler->handleGenericReport()
#32 /home/sg/Sites/m247b/vendor/magento/framework/App/Http.php(156): Magento\Framework\App\ExceptionHandler->handle()
#33 /home/sg/Sites/m247b/vendor/magento/framework/Interception/Interceptor.php(58): Magento\Framework\App\Http->catchException()
#34 /home/sg/Sites/m247b/vendor/magento/framework/Interception/Interceptor.php(138): Magento\Framework\App\Http\Interceptor->___callParent()
#35 /home/sg/Sites/m247b/vendor/magento/framework/Interception/Interceptor.php(153): Magento\Framework\App\Http\Interceptor->Magento\Framework\Interception\{closure}()
#36 /home/sg/Sites/m247b/generated/code/Magento/Framework/App/Http/Interceptor.php(32): Magento\Framework\App\Http\Interceptor->___callPlugins()
#37 /home/sg/Sites/m247b/vendor/magento/framework/App/Bootstrap.php(270): Magento\Framework\App\Http\Interceptor->catchException()
#38 /home/sg/Sites/m247b/pub/index.php(30): Magento\Framework\App\Bootstrap->run()
#39 /home/sg/.config/composer/vendor/cpriego/valet-linux/server.php(239): require('...')
#40 {main}

Next Zend_Db_Adapter_Exception: SQLSTATE[HY000] [2002] Connection refused in /home/sg/Sites/m247b/vendor/magento/zend-db/library/Zend/Db/Adapter/Pdo/Abstract.php:148
Stack trace:
#0 /home/sg/Sites/m247b/vendor/magento/zend-db/library/Zend/Db/Adapter/Pdo/Mysql.php(111): Zend_Db_Adapter_Pdo_Abstract->_connect()
#1 /home/sg/Sites/m247b/vendor/magento/framework/DB/Adapter/Pdo/Mysql.php(480): Zend_Db_Adapter_Pdo_Mysql->_connect()
#2 /home/sg/Sites/m247b/vendor/magento/zend-db/library/Zend/Db/Adapter/Abstract.php(460): Magento\Framework\DB\Adapter\Pdo\Mysql->_connect()
#3 /home/sg/Sites/m247b/vendor/magento/zend-db/library/Zend/Db/Adapter/Pdo/Abstract.php(242): Zend_Db_Adapter_Abstract->query()
#4 /home/sg/Sites/m247b/vendor/magento/framework/DB/Adapter/Pdo/Mysql.php(616): Zend_Db_Adapter_Pdo_Abstract->query()
#5 /home/sg/Sites/m247b/vendor/magento/framework/DB/Adapter/Pdo/Mysql.php(686): Magento\Framework\DB\Adapter\Pdo\Mysql->_query()
#6 /home/sg/Sites/m247b/generated/code/Magento/Framework/DB/Adapter/Pdo/Mysql/Interceptor.php(95): Magento\Framework\DB\Adapter\Pdo\Mysql->query()
#7 /home/sg/Sites/m247b/vendor/magento/zend-db/library/Zend/Db/Adapter/Abstract.php(737): Magento\Framework\DB\Adapter\Pdo\Mysql\Interceptor->query()
#8 /home/sg/Sites/m247b/generated/code/Magento/Framework/DB/Adapter/Pdo/Mysql/Interceptor.php(1094): Zend_Db_Adapter_Abstract->fetchAll()
#9 /home/sg/Sites/m247b/vendor/magento/module-store/App/Config/Source/RuntimeConfigSource.php(100): Magento\Framework\DB\Adapter\Pdo\Mysql\Interceptor->fetchAll()
#10 /home/sg/Sites/m247b/vendor/magento/module-store/App/Config/Source/RuntimeConfigSource.php(61): Magento\Store\App\Config\Source\RuntimeConfigSource->getEntities()
#11 /home/sg/Sites/m247b/vendor/magento/framework/App/Config/ConfigSourceAggregated.php(42): Magento\Store\App\Config\Source\RuntimeConfigSource->get()
#12 /home/sg/Sites/m247b/generated/code/Magento/Framework/App/Config/ConfigSourceAggregated/Proxy.php(105): Magento\Framework\App\Config\ConfigSourceAggregated->get()
#13 /home/sg/Sites/m247b/vendor/magento/module-store/App/Config/Type/Scopes.php(63): Magento\Framework\App\Config\ConfigSourceAggregated\Proxy->get()
#14 /home/sg/Sites/m247b/vendor/magento/framework/App/Config.php(131): Magento\Store\App\Config\Type\Scopes->get()
#15 /home/sg/Sites/m247b/vendor/magento/module-store/Model/StoreRepository.php(106): Magento\Framework\App\Config->get()
#16 /home/sg/Sites/m247b/vendor/magento/module-store/Model/StoreRepository.php(127): Magento\Store\Model\StoreRepository->getById()
#17 /home/sg/Sites/m247b/vendor/magento/module-store/Model/StoreResolver.php(181): Magento\Store\Model\StoreRepository->getActiveStoreById()
#18 /home/sg/Sites/m247b/vendor/magento/module-store/Model/StoreResolver.php(126): Magento\Store\Model\StoreResolver->getDefaultStoreById()
#19 /home/sg/Sites/m247b/generated/code/Magento/Store/Model/StoreResolver/Proxy.php(105): Magento\Store\Model\StoreResolver->getCurrentStoreId()
#20 /home/sg/Sites/m247b/vendor/magento/module-store/Model/StoreManager.php(159): Magento\Store\Model\StoreResolver\Proxy->getCurrentStoreId()
#21 /home/sg/Sites/m247b/generated/code/Magento/Store/Model/StoreManagerInterface/Proxy.php(129): Magento\Store\Model\StoreManager->getStore()
#22 /home/sg/Sites/m247b/vendor/magento/module-store/Model/Resolver/Store.php(30): Magento\Store\Model\StoreManagerInterface\Proxy->getStore()
#23 /home/sg/Sites/m247b/vendor/magento/framework/Translate/Inline.php(144): Magento\Store\Model\Resolver\Store->getScope()
#24 /home/sg/Sites/m247b/vendor/magento/framework/Escaper.php(282): Magento\Framework\Translate\Inline->isAllowed()
#25 /home/sg/Sites/m247b/pub/errors/default/page.phtml(13): Magento\Framework\Escaper->escapeHtmlAttr()
#26 /home/sg/Sites/m247b/pub/errors/processor.php(452): require_once('...')
#27 /home/sg/Sites/m247b/pub/errors/processor.php(270): Magento\Framework\Error\Processor->_renderPage()
#28 /home/sg/Sites/m247b/pub/errors/report.php(22): Magento\Framework\Error\Processor->processReport()
#29 /home/sg/Sites/m247b/vendor/magento/framework/App/ExceptionHandler.php(255): require('...')
#30 /home/sg/Sites/m247b/vendor/magento/framework/App/ExceptionHandler.php(74): Magento\Framework\App\ExceptionHandler->handleGenericReport()
#31 /home/sg/Sites/m247b/vendor/magento/framework/App/Http.php(156): Magento\Framework\App\ExceptionHandler->handle()
#32 /home/sg/Sites/m247b/vendor/magento/framework/Interception/Interceptor.php(58): Magento\Framework\App\Http->catchException()
#33 /home/sg/Sites/m247b/vendor/magento/framework/Interception/Interceptor.php(138): Magento\Framework\App\Http\Interceptor->___callParent()
#34 /home/sg/Sites/m247b/vendor/magento/framework/Interception/Interceptor.php(153): Magento\Framework\App\Http\Interceptor->Magento\Framework\Interception\{closure}()
#35 /home/sg/Sites/m247b/generated/code/Magento/Framework/App/Http/Interceptor.php(32): Magento\Framework\App\Http\Interceptor->___callPlugins()
#36 /home/sg/Sites/m247b/vendor/magento/framework/App/Bootstrap.php(270): Magento\Framework\App\Http\Interceptor->catchException()
#37 /home/sg/Sites/m247b/pub/index.php(30): Magento\Framework\App\Bootstrap->run()
#38 /home/sg/.config/composer/vendor/cpriego/valet-linux/server.php(239): require('...')
#39 {main} {"exception":"[object] (Zend_Db_Adapter_Exception(code: 2002): SQLSTATE[HY000] [2002] Connection refused at /home/sg/Sites/m247b/vendor/magento/zend-db/library/Zend/Db/Adapter/Pdo/Abstract.php:148)
[previous exception] [object] (PDOException(code: 2002): SQLSTATE[HY000] [2002] Connection refused at /home/sg/Sites/m247b/vendor/magento/zend-db/library/Zend/Db/Adapter/Pdo/Abstract.php:128)"} []
